<?xml version="1.0" encoding="UTF-8"?>
<testng-results skipped="0" failed="0" ignored="0" total="1" passed="1">
  <reporter-output>
  </reporter-output>
  <suite name="Default suite" duration-ms="5385" started-at="2018-05-22T16:08:46Z" finished-at="2018-05-22T16:08:51Z">
    <groups>
    </groups>
    <test name="Default test" duration-ms="5385" started-at="2018-05-22T16:08:46Z" finished-at="2018-05-22T16:08:51Z">
      <class name="eventMouse">
        <test-method status="PASS" signature="moOver()[pri:0, instance:eventMouse@4d41cee]" name="moOver" is-config="true" duration-ms="4222" started-at="2018-05-22T16:08:46Z" finished-at="2018-05-22T16:08:50Z">
          <reporter-output>
          </reporter-output>
        </test-method> <!-- moOver -->
        <test-method status="PASS" signature="mouseOver()[pri:0, instance:eventMouse@4d41cee]" name="mouseOver" duration-ms="1142" started-at="2018-05-22T16:08:50Z" finished-at="2018-05-22T16:08:51Z">
          <reporter-output>
          </reporter-output>
        </test-method> <!-- mouseOver -->
      </class> <!-- eventMouse -->
    </test> <!-- Default test -->
  </suite> <!-- Default suite -->
</testng-results>
